<?xml version="1.0" encoding="UTF-8"?>
<!-- Generated by org.testng.reporters.JUnitReportReporter -->
<testsuite hostname="LAPTOP-MH4AH501" failures="0" tests="1" name="FBSignup" time="8.603" errors="0" timestamp="2023-08-01T15:25:59 PDT" skipped="0">
  <testcase classname="FBSignup" name="loginrighttest" time="8.603"/>
</testsuite> <!-- FBSignup -->
