<?xml version="1.0" encoding="UTF-8"?>
<!-- Generated by org.testng.reporters.JUnitReportReporter -->
<testsuite hostname="LAPTOP-MH4AH501" failures="0" tests="1" name="FBSignup" time="5.725" errors="0" timestamp="2023-08-08T11:07:42 PDT" skipped="0">
  <testcase classname="FBSignup" name="loginrighttest" time="5.725"/>
</testsuite> <!-- FBSignup -->
